[    0.000000] Linux version 4.15.0-130-generic (buildd@lcy01-amd64-018) (gcc version 7.5.0 (Ubuntu 7.5.0-3ubuntu1~18.04)) #134-Ubuntu SMP Tue Jan 5 20:46:26 UTC 2021 (Ubuntu 4.15.0-130.134-generic 4.15.18)
[    0.000000] Command line: BOOT_IMAGE=/boot/vmlinuz-4.15.0-130-generic root=UUID=e77c8bb0-58ed-441d-9af4-3fe3aae1260b ro console=tty1 console=ttyS0
[    0.000000] KERNEL supported cpus:
[    0.000000]   Intel GenuineIntel
[    0.000000]   AMD AuthenticAMD
[    0.000000]   Centaur CentaurHauls
[    0.000000] x86/fpu: Supporting XSAVE feature 0x001: 'x87 floating point registers'
[    0.000000] x86/fpu: Supporting XSAVE feature 0x002: 'SSE registers'
[    0.000000] x86/fpu: Supporting XSAVE feature 0x004: 'AVX registers'
[    0.000000] x86/fpu: xstate_offset[2]:  576, xstate_sizes[2]:  256
[    0.000000] x86/fpu: Enabled xstate features 0x7, context size is 832 bytes, using 'standard' format.
[    0.000000] e820: BIOS-provided physical RAM map:
[    0.000000] BIOS-e820: [mem 0x0000000000000000-0x000000000009fbff] usable
[    0.000000] BIOS-e820: [mem 0x000000000009fc00-0x000000000009ffff] reserved
[    0.000000] BIOS-e820: [mem 0x00000000000f0000-0x00000000000fffff] reserved
[    0.000000] BIOS-e820: [mem 0x0000000000100000-0x000000007ffeffff] usable
[    0.000000] BIOS-e820: [mem 0x000000007fff0000-0x000000007fffffff] ACPI data
[    0.000000] BIOS-e820: [mem 0x00000000fec00000-0x00000000fec00fff] reserved
[    0.000000] BIOS-e820: [mem 0x00000000fee00000-0x00000000fee00fff] reserved
[    0.000000] BIOS-e820: [mem 0x00000000fffc0000-0x00000000ffffffff] reserved
[    0.000000] NX (Execute Disable) protection: active
[    0.000000] SMBIOS 2.5 present.
[    0.000000] DMI: innotek GmbH VirtualBox/VirtualBox, BIOS VirtualBox 12/01/2006
[    0.000000] Hypervisor detected: KVM
[    0.000000] e820: last_pfn = 0x7fff0 max_arch_pfn = 0x400000000
[    0.000000] MTRR: Disabled
[    0.000000] x86/PAT: MTRRs disabled, skipping PAT initialization too.
[    0.000000] CPU MTRRs all blank - virtualized system.
[    0.000000] x86/PAT: Configuration [0-7]: WB  WT  UC- UC  WB  WT  UC- UC  
[    0.000000] found SMP MP-table at [mem 0x0009fff0-0x0009ffff]
[    0.000000] Scanning 1 areas for low memory corruption
[    0.000000] RAMDISK: [mem 0x3595b000-0x36ca4fff]
[    0.000000] ACPI: Early table checksum verification disabled
[    0.000000] ACPI: RSDP 0x00000000000E0000 000024 (v02 VBOX  )
[    0.000000] ACPI: XSDT 0x000000007FFF0030 00003C (v01 VBOX   VBOXXSDT 00000001 ASL  00000061)
[    0.000000] ACPI: FACP 0x000000007FFF00F0 0000F4 (v04 VBOX   VBOXFACP 00000001 ASL  00000061)
[    0.000000] ACPI: DSDT 0x000000007FFF0470 002325 (v02 VBOX   VBOXBIOS 00000002 INTL 20120111)
[    0.000000] ACPI: FACS 0x000000007FFF0200 000040
[    0.000000] ACPI: FACS 0x000000007FFF0200 000040
[    0.000000] ACPI: APIC 0x000000007FFF0240 00005C (v02 VBOX   VBOXAPIC 00000001 ASL  00000061)
[    0.000000] ACPI: SSDT 0x000000007FFF02A0 0001CC (v01 VBOX   VBOXCPUT 00000002 INTL 20120111)
[    0.000000] No NUMA configuration found
[    0.000000] Faking a node at [mem 0x0000000000000000-0x000000007ffeffff]
[    0.000000] NODE_DATA(0) allocated [mem 0x7ffc5000-0x7ffeffff]
[    0.000000] kvm-clock: cpu 0, msr 0:7ff44001, primary cpu clock
[    0.000000] kvm-clock: Using msrs 4b564d01 and 4b564d00
[    0.000000] kvm-clock: using sched offset of 4199842420 cycles
[    0.000000] clocksource: kvm-clock: mask: 0xffffffffffffffff max_cycles: 0x1cd42e4dffb, max_idle_ns: 881590591483 ns
[    0.000000] Zone ranges:
[    0.000000]   DMA      [mem 0x0000000000001000-0x0000000000ffffff]
[    0.000000]   DMA32    [mem 0x0000000001000000-0x000000007ffeffff]
[    0.000000]   Normal   empty
[    0.000000]   Device   empty
[    0.000000] Movable zone start for each node
[    0.000000] Early memory node ranges
[    0.000000]   node   0: [mem 0x0000000000001000-0x000000000009efff]
[    0.000000]   node   0: [mem 0x0000000000100000-0x000000007ffeffff]
[    0.000000] Reserved but unavailable: 98 pages
[    0.000000] Initmem setup node 0 [mem 0x0000000000001000-0x000000007ffeffff]
[    0.000000] ACPI: PM-Timer IO Port: 0x4008
[    0.000000] IOAPIC[0]: apic_id 2, version 32, address 0xfec00000, GSI 0-23
[    0.000000] ACPI: INT_SRC_OVR (bus 0 bus_irq 0 global_irq 2 dfl dfl)
[    0.000000] ACPI: INT_SRC_OVR (bus 0 bus_irq 9 global_irq 9 low level)
[    0.000000] Using ACPI (MADT) for SMP configuration information
[    0.000000] smpboot: Allowing 2 CPUs, 0 hotplug CPUs
[    0.000000] PM: Registered nosave memory: [mem 0x00000000-0x00000fff]
[    0.000000] PM: Registered nosave memory: [mem 0x0009f000-0x0009ffff]
[    0.000000] PM: Registered nosave memory: [mem 0x000a0000-0x000effff]
[    0.000000] PM: Registered nosave memory: [mem 0x000f0000-0x000fffff]
[    0.000000] e820: [mem 0x80000000-0xfebfffff] available for PCI devices
[    0.000000] Booting paravirtualized kernel on KVM
[    0.000000] clocksource: refined-jiffies: mask: 0xffffffff max_cycles: 0xffffffff, max_idle_ns: 7645519600211568 ns
[    0.000000] random: get_random_bytes called from start_kernel+0x99/0x500 with crng_init=0
[    0.000000] setup_percpu: NR_CPUS:8192 nr_cpumask_bits:2 nr_cpu_ids:2 nr_node_ids:1
[    0.000000] percpu: Embedded 45 pages/cpu s147456 r8192 d28672 u1048576
[    0.000000] PV qspinlock hash table entries: 256 (order: 0, 4096 bytes)
[    0.000000] Built 1 zonelists, mobility grouping on.  Total pages: 515961
[    0.000000] Policy zone: DMA32
[    0.000000] Kernel command line: BOOT_IMAGE=/boot/vmlinuz-4.15.0-130-generic root=UUID=e77c8bb0-58ed-441d-9af4-3fe3aae1260b ro console=tty1 console=ttyS0
[    0.000000] Memory: 2014684K/2096696K available (12300K kernel code, 2482K rwdata, 4276K rodata, 2440K init, 2724K bss, 82012K reserved, 0K cma-reserved)
[    0.000000] SLUB: HWalign=64, Order=0-3, MinObjects=0, CPUs=2, Nodes=1
[    0.000000] Kernel/User page tables isolation: enabled
[    0.000000] ftrace: allocating 39421 entries in 154 pages
[    0.004000] Hierarchical RCU implementation.
[    0.004000] 	RCU restricting CPUs from NR_CPUS=8192 to nr_cpu_ids=2.
[    0.004000] 	Tasks RCU enabled.
[    0.004000] RCU: Adjusting geometry for rcu_fanout_leaf=16, nr_cpu_ids=2
[    0.004000] NR_IRQS: 524544, nr_irqs: 440, preallocated irqs: 16
[    0.004000] Console: colour VGA+ 80x25
[    0.004000] console [tty1] enabled
[    0.004000] console [ttyS0] enabled
[    0.004000] ACPI: Core revision 20170831
[    0.004000] ACPI: 2 ACPI AML tables successfully acquired and loaded
[    0.004000] APIC: Switch to symmetric I/O mode setup
[    0.004000] x2apic enabled
[    0.004000] Switched APIC routing to physical x2apic.
[    0.004000] ..TIMER: vector=0x30 apic1=0 pin1=2 apic2=-1 pin2=-1
[    0.004004] tsc: Detected 2903.998 MHz processor
[    0.004956] Calibrating delay loop (skipped) preset value.. 5807.99 BogoMIPS (lpj=11615992)
[    0.008002] pid_max: default: 32768 minimum: 301
[    0.008982] Security Framework initialized
[    0.009834] Yama: becoming mindful.
[    0.010593] AppArmor: AppArmor initialized
[    0.012000] Dentry cache hash table entries: 262144 (order: 9, 2097152 bytes)
[    0.017573] Inode-cache hash table entries: 131072 (order: 8, 1048576 bytes)
[    0.019016] Mount-cache hash table entries: 4096 (order: 3, 32768 bytes)
[    0.020007] Mountpoint-cache hash table entries: 4096 (order: 3, 32768 bytes)
[    0.021793] Last level iTLB entries: 4KB 64, 2MB 8, 4MB 8
[    0.022943] Last level dTLB entries: 4KB 64, 2MB 0, 4MB 0, 1GB 4
[    0.024003] Spectre V1 : Mitigation: usercopy/swapgs barriers and __user pointer sanitization
[    0.025826] Spectre V2 : Mitigation: Full generic retpoline
[    0.027026] Spectre V2 : Spectre v2 / SpectreRSB mitigation: Filling RSB on context switch
[    0.028001] Speculative Store Bypass: Vulnerable
[    0.029002] SRBDS: Unknown: Dependent on hypervisor status
[    0.030123] MDS: Mitigation: Clear CPU buffers
[    0.032166] Freeing SMP alternatives memory: 36K
[    0.145617] smpboot: CPU0: Intel(R) Core(TM) i5-6267U CPU @ 2.90GHz (family: 0x6, model: 0x4e, stepping: 0x3)
[    0.148112] Performance Events: unsupported p6 CPU model 78 no PMU driver, software events only.
[    0.152069] Hierarchical SRCU implementation.
[    0.155224] NMI watchdog: Perf event create on CPU 0 failed with -2
[    0.156007] NMI watchdog: Perf NMI watchdog permanently disabled
[    0.158024] smp: Bringing up secondary CPUs ...
[    0.160135] x86: Booting SMP configuration:
[    0.161592] .... node  #0, CPUs:      #1
[    0.004000] kvm-clock: cpu 1, msr 0:7ff44041, secondary cpu clock
[    0.170665] smp: Brought up 1 node, 2 CPUs
[    0.172007] smpboot: Max logical packages: 1
[    0.173483] smpboot: Total of 2 processors activated (11615.99 BogoMIPS)
[    0.176246] devtmpfs: initialized
[    0.177060] x86/mm: Memory block size: 128MB
[    0.178635] evm: security.selinux
[    0.180006] evm: security.SMACK64
[    0.181029] evm: security.SMACK64EXEC
[    0.182178] evm: security.SMACK64TRANSMUTE
[    0.184004] evm: security.SMACK64MMAP
[    0.184869] evm: security.apparmor
[    0.185723] evm: security.ima
[    0.186574] evm: security.capability
[    0.188086] clocksource: jiffies: mask: 0xffffffff max_cycles: 0xffffffff, max_idle_ns: 7645041785100000 ns
[    0.191758] futex hash table entries: 512 (order: 3, 32768 bytes)
[    0.192110] pinctrl core: initialized pinctrl subsystem
[    0.193780] RTC time: 14:59:08, date: 01/29/21
[    0.196185] NET: Registered protocol family 16
[    0.197596] audit: initializing netlink subsys (disabled)
[    0.200031] audit: type=2000 audit(1611932354.442:1): state=initialized audit_enabled=0 res=1
[    0.201983] cpuidle: using governor ladder
[    0.201983] cpuidle: using governor menu
[    0.202107] ACPI: bus type PCI registered
[    0.204970] acpiphp: ACPI Hot Plug PCI Controller Driver version: 0.5
[    0.207127] PCI: Using configuration type 1 for base access
[    0.212109] HugeTLB registered 2.00 MiB page size, pre-allocated 0 pages
[    0.216105] ACPI: Added _OSI(Module Device)
[    0.217260] ACPI: Added _OSI(Processor Device)
[    0.218292] ACPI: Added _OSI(3.0 _SCP Extensions)
[    0.219428] ACPI: Added _OSI(Processor Aggregator Device)
[    0.220012] ACPI: Added _OSI(Linux-Dell-Video)
[    0.222686] ACPI: Added _OSI(Linux-Lenovo-NV-HDMI-Audio)
[    0.224026] ACPI: Added _OSI(Linux-HPI-Hybrid-Graphics)
[    0.226158] ACPI: Executed 1 blocks of module-level executable AML code
[    0.232597] ACPI: Interpreter enabled
[    0.233721] ACPI: (supports S0 S5)
[    0.234748] ACPI: Using IOAPIC for interrupt routing
[    0.236232] PCI: Using host bridge windows from ACPI; if necessary, use "pci=nocrs" and report a bug
[    0.238741] ACPI: Enabled 2 GPEs in block 00 to 07
[    0.249550] ACPI: PCI Root Bridge [PCI0] (domain 0000 [bus 00-ff])
[    0.251012] acpi PNP0A03:00: _OSC: OS supports [ASPM ClockPM Segments MSI]
[    0.252462] acpi PNP0A03:00: _OSC: not requesting OS control; OS requires [ExtendedConfig ASPM ClockPM MSI]
[    0.254594] acpi PNP0A03:00: fail to add MMCONFIG information, can't access extended PCI configuration space under this bridge.
[    0.256772] PCI host bridge to bus 0000:00
[    0.260006] pci_bus 0000:00: root bus resource [io  0x0000-0x0cf7 window]
[    0.261842] pci_bus 0000:00: root bus resource [io  0x0d00-0xffff window]
[    0.264006] pci_bus 0000:00: root bus resource [mem 0x000a0000-0x000bffff window]
[    0.265883] pci_bus 0000:00: root bus resource [mem 0x80000000-0xfdffffff window]
[    0.268004] pci_bus 0000:00: root bus resource [bus 00-ff]
[    0.273225] pci 0000:00:01.1: legacy IDE quirk: reg 0x10: [io  0x01f0-0x01f7]
[    0.275688] pci 0000:00:01.1: legacy IDE quirk: reg 0x14: [io  0x03f6]
[    0.276005] pci 0000:00:01.1: legacy IDE quirk: reg 0x18: [io  0x0170-0x0177]
[    0.278221] pci 0000:00:01.1: legacy IDE quirk: reg 0x1c: [io  0x0376]
[    0.314295] pci 0000:00:07.0: quirk: [io  0x4000-0x403f] claimed by PIIX4 ACPI
[    0.316075] pci 0000:00:07.0: quirk: [io  0x4100-0x410f] claimed by PIIX4 SMB
[    0.344360] ACPI: PCI Interrupt Link [LNKA] (IRQs 5 9 10 *11)
[    0.348172] ACPI: PCI Interrupt Link [LNKB] (IRQs 5 9 *10 11)
[    0.351889] ACPI: PCI Interrupt Link [LNKC] (IRQs 5 *9 10 11)
[    0.352195] ACPI: PCI Interrupt Link [LNKD] (IRQs 5 9 10 *11)
[    0.356639] SCSI subsystem initialized
[    0.358189] pci 0000:00:02.0: vgaarb: setting as boot VGA device
[    0.358717] pci 0000:00:02.0: vgaarb: VGA device added: decodes=io+mem,owns=io+mem,locks=none
[    0.360015] pci 0000:00:02.0: vgaarb: bridge control possible
[    0.364007] vgaarb: loaded
[    0.368070] ACPI: bus type USB registered
[    0.372063] usbcore: registered new interface driver usbfs
[    0.373873] usbcore: registered new interface driver hub
[    0.376049] usbcore: registered new device driver usb
[    0.377624] EDAC MC: Ver: 3.0.0
[    0.380171] PCI: Using ACPI for IRQ routing
[    0.382124] NetLabel: Initializing
[    0.383344] NetLabel:  domain hash size = 128
[    0.384009] NetLabel:  protocols = UNLABELED CIPSOv4 CALIPSO
[    0.385921] NetLabel:  unlabeled traffic allowed by default
[    0.388109] clocksource: Switched to clocksource kvm-clock
[    0.413349] VFS: Disk quotas dquot_6.6.0
[    0.414906] VFS: Dquot-cache hash table entries: 512 (order 0, 4096 bytes)
[    0.417951] AppArmor: AppArmor Filesystem Enabled
[    0.419939] pnp: PnP ACPI init
[    0.424299] pnp: PnP ACPI: found 3 devices
[    0.438788] clocksource: acpi_pm: mask: 0xffffff max_cycles: 0xffffff, max_idle_ns: 2085701024 ns
[    0.442686] NET: Registered protocol family 2
[    0.444767] TCP established hash table entries: 16384 (order: 5, 131072 bytes)
[    0.448026] TCP bind hash table entries: 16384 (order: 6, 262144 bytes)
[    0.450556] TCP: Hash tables configured (established 16384 bind 16384)
[    0.455440] UDP hash table entries: 1024 (order: 3, 32768 bytes)
[    0.461355] UDP-Lite hash table entries: 1024 (order: 3, 32768 bytes)
[    0.465743] NET: Registered protocol family 1
[    0.468979] pci 0000:00:00.0: Limiting direct PCI/PCI transfers
[    0.473042] pci 0000:00:01.0: Activating ISA DMA hang workarounds
[    0.477482] pci 0000:00:02.0: Video device with shadowed ROM at [mem 0x000c0000-0x000dffff]
[    0.482635] Unpacking initramfs...
[    0.925997] Freeing initrd memory: 19752K
[    0.927726] clocksource: tsc: mask: 0xffffffffffffffff max_cycles: 0x29dc03c1beb, max_idle_ns: 440795205215 ns
[    0.930794] platform rtc_cmos: registered platform RTC device (no PNP device found)
[    0.932837] Scanning for low memory corruption every 60 seconds
[    0.934926] Initialise system trusted keyrings
[    0.936529] Key type blacklist registered
[    0.937706] workingset: timestamp_bits=36 max_order=19 bucket_order=0
[    0.940245] zbud: loaded
[    0.941666] squashfs: version 4.0 (2009/01/31) Phillip Lougher
[    0.943937] fuse init (API version 7.26)
[    0.947163] Key type asymmetric registered
[    0.948173] Asymmetric key parser 'x509' registered
[    0.949349] Block layer SCSI generic (bsg) driver version 0.4 loaded (major 246)
[    0.950976] io scheduler noop registered
[    0.951825] io scheduler deadline registered
[    0.953232] io scheduler cfq registered (default)
[    0.954769] ACPI: AC Adapter [AC] (on-line)
[    0.956092] input: Power Button as /devices/LNXSYSTM:00/LNXPWRBN:00/input/input0
[    0.957902] ACPI: Power Button [PWRF]
[    0.958865] input: Sleep Button as /devices/LNXSYSTM:00/LNXSLPBN:00/input/input1
[    0.960556] ACPI: Sleep Button [SLPF]
[    0.963193] ACPI: Battery Slot [BAT0] (battery present)
[    0.964159] Serial: 8250/16550 driver, 32 ports, IRQ sharing enabled
[    0.987113] 00:02: ttyS0 at I/O 0x3f8 (irq = 4, base_baud = 115200) is a 16550A
[    0.990776] Linux agpgart interface v0.103
[    0.993324] loop: module loaded
[    0.995180] scsi host0: ata_piix
[    0.996265] scsi host1: ata_piix
[    0.997179] ata1: PATA max UDMA/33 cmd 0x1f0 ctl 0x3f6 bmdma 0xd000 irq 14
[    0.998994] ata2: PATA max UDMA/33 cmd 0x170 ctl 0x376 bmdma 0xd008 irq 15
[    1.000692] libphy: Fixed MDIO Bus: probed
[    1.001814] tun: Universal TUN/TAP device driver, 1.6
[    1.003030] PPP generic driver version 2.4.2
[    1.004371] ehci_hcd: USB 2.0 'Enhanced' Host Controller (EHCI) Driver
[    1.005717] ehci-pci: EHCI PCI platform driver
[    1.019918] ehci-platform: EHCI generic platform driver
[    1.022950] ohci_hcd: USB 1.1 'Open' Host Controller (OHCI) Driver
[    1.025148] ohci-pci: OHCI PCI platform driver
[    1.027633] ohci-platform: OHCI generic platform driver
[    1.029688] uhci_hcd: USB Universal Host Controller Interface driver
[    1.031810] i8042: PNP: PS/2 Controller [PNP0303:PS2K,PNP0f03:PS2M] at 0x60,0x64 irq 1,12
[    1.034381] serio: i8042 KBD port at 0x60,0x64 irq 1
[    1.039483] serio: i8042 AUX port at 0x60,0x64 irq 12
[    1.041283] mousedev: PS/2 mouse device common for all mice
[    1.042942] input: AT Translated Set 2 keyboard as /devices/platform/i8042/serio0/input/input2
[    1.045763] rtc_cmos rtc_cmos: rtc core: registered rtc_cmos as rtc0
[    1.047357] rtc_cmos rtc_cmos: alarms up to one day, 114 bytes nvram
[    1.049334] i2c /dev entries driver
[    1.051353] device-mapper: uevent: version 1.0.3
[    1.055661] device-mapper: ioctl: 4.37.0-ioctl (2017-09-20) initialised: dm-devel@redhat.com
[    1.060243] ledtrig-cpu: registered to indicate activity on CPUs
[    1.064186] NET: Registered protocol family 10
[    1.074537] Segment Routing with IPv6
[    1.076606] NET: Registered protocol family 17
[    1.079484] Key type dns_resolver registered
[    1.081221] mce: Using 0 MCE banks
[    1.082382] RAS: Correctable Errors collector initialized.
[    1.084751] sched_clock: Marking stable (1084710361, 0)->(1338299752, -253589391)
[    1.090129] registered taskstats version 1
[    1.091642] Loading compiled-in X.509 certificates
[    1.097330] Loaded X.509 cert 'Build time autogenerated kernel key: c1c8ea2cd851660a7b5f89f76ba0bd3ce6817142'
[    1.100929] zswap: loaded using pool lzo/zbud
[    1.107359] Key type big_key registered
[    1.108786] Key type trusted registered
[    1.112051] Key type encrypted registered
[    1.113034] AppArmor: AppArmor sha1 policy hashing enabled
[    1.114331] ima: No TPM chip found, activating TPM-bypass! (rc=-19)
[    1.115767] ima: Allocated hash algorithm: sha1
[    1.117153] evm: HMAC attrs: 0x1
[    1.118469]   Magic number: 5:77:992
[    1.119793] rtc_cmos rtc_cmos: setting system clock to 2021-01-29 14:59:09 UTC (1611932349)
[    1.123010] BIOS EDD facility v0.16 2004-Jun-25, 0 devices found
[    1.124546] EDD information not available.
[    1.200768] Freeing unused kernel image memory: 2440K
[    1.448435] Write protecting the kernel read-only data: 20480k
[    1.451132] Freeing unused kernel image memory: 2008K
[    1.454551] Freeing unused kernel image memory: 1868K
[    1.465942] x86/mm: Checked W+X mappings: passed, no W+X pages found.
[    1.469538] x86/mm: Checking user space page tables
[    1.479844] x86/mm: Checked W+X mappings: passed, no W+X pages found.
Loading, please wait...
starting version 237
[    1.581292] e1000: Intel(R) PRO/1000 Network Driver - version 7.3.21-k8-NAPI
[    1.582914] e1000: Copyright (c) 1999-2006 Intel Corporation.
[    1.584935] Fusion MPT base driver 3.04.20
[    1.586022] Copyright (c) 1999-2008 LSI Corporation
[    1.595696] AVX2 version of gcm_enc/dec engaged.
[    1.597252] AES CTR mode by8 optimization enabled
[    1.625243] Fusion MPT SPI Host driver 3.04.20
[    1.797443] input: ImExPS/2 Generic Explorer Mouse as /devices/platform/i8042/serio1/input/input4
[    2.039276] e1000 0000:00:03.0 eth0: (PCI:33MHz:32-bit) 02:d3:a8:fb:02:de
[    2.041609] e1000 0000:00:03.0 eth0: Intel(R) PRO/1000 Network Connection
[    2.472040] e1000 0000:00:08.0 eth1: (PCI:33MHz:32-bit) 08:00:27:c5:e1:fd
[    2.474084] e1000 0000:00:08.0 eth1: Intel(R) PRO/1000 Network Connection
[    2.477761] e1000 0000:00:08.0 enp0s8: renamed from eth1
[    2.484609] mptbase: ioc0: Initiating bringup
[    2.497043] e1000 0000:00:03.0 enp0s3: renamed from eth0
[    2.580615] ioc0: LSI53C1030 A0: Capabilities={Initiator}
[    2.827606] scsi host2: ioc0: LSI53C1030 A0, FwRev=00000000h, Ports=1, MaxQ=256, IRQ=20
[    2.998060] scsi 2:0:0:0: Direct-Access     VBOX     HARDDISK         1.0  PQ: 0 ANSI: 5
[    3.523433] scsi target2:0:0: Beginning Domain Validation
[    3.527080] scsi target2:0:0: Domain Validation skipping write tests
[    3.529000] scsi target2:0:0: Ending Domain Validation
[    3.530500] scsi target2:0:0: asynchronous
[    3.532443] scsi 2:0:1:0: Direct-Access     VBOX     HARDDISK         1.0  PQ: 0 ANSI: 5
[    3.941840] scsi target2:0:1: Beginning Domain Validation
[    3.945923] random: fast init done
[    3.948240] scsi target2:0:1: Domain Validation skipping write tests
[    3.951372] scsi target2:0:1: Ending Domain Validation
[    3.955794] scsi target2:0:1: asynchronous
[    3.967634] random: systemd-udevd: uninitialized urandom read (16 bytes read)
[    3.968119] sd 2:0:0:0: Attached scsi generic sg0 type 0
[    3.981135] random: systemd-udevd: uninitialized urandom read (16 bytes read)
[    3.983039] sd 2:0:0:0: [sda] 83886080 512-byte logical blocks: (42.9 GB/40.0 GiB)
[    3.985484] random: systemd-udevd: uninitialized urandom read (16 bytes read)
[    3.991585] sd 2:0:1:0: Attached scsi generic sg1 type 0
[    3.995496] sd 2:0:0:0: [sda] Write Protect is off
[    3.997178] sd 2:0:1:0: [sdb] 20480 512-byte logical blocks: (10.5 MB/10.0 MiB)
[    3.999903] sd 2:0:1:0: [sdb] Write Protect is off
[    4.002789] sd 2:0:0:0: [sda] Incomplete mode parameter data
[    4.006115] sd 2:0:0:0: [sda] Assuming drive cache: write through
[    4.009441] sd 2:0:1:0: [sdb] Incomplete mode parameter data
[    4.031580]  sda: sda1
[    4.032274] sd 2:0:1:0: [sdb] Assuming drive cache: write through
[    4.034272] sd 2:0:0:0: [sda] Attached SCSI disk
[    4.045374] sd 2:0:1:0: [sdb] Attached SCSI disk
Begin: Loading essential drivers ... [    5.544474] raid6: sse2x1   gen() 11210 MB/s
[    5.592061] raid6: sse2x1   xor()  6129 MB/s
[    5.640233] raid6: sse2x2   gen() 12207 MB/s
[    5.688481] raid6: sse2x2   xor()  8473 MB/s
[    5.736078] raid6: sse2x4   gen() 14067 MB/s
[    5.784837] raid6: sse2x4   xor()  6455 MB/s
[    5.832075] raid6: avx2x1   gen() 20807 MB/s
[    5.880135] raid6: avx2x1   xor() 15116 MB/s
[    5.932129] raid6: avx2x2   gen() 25744 MB/s
[    5.980096] raid6: avx2x2   xor() 16207 MB/s
[    6.028077] raid6: avx2x4   gen() 24628 MB/s
[    6.076074] raid6: avx2x4   xor() 16739 MB/s
[    6.077510] raid6: using algorithm avx2x2 gen() 25744 MB/s
[    6.078881] raid6: .... xor() 16207 MB/s, rmw enabled
[    6.079925] raid6: using avx2x2 recovery algorithm
[    6.082303] xor: automatically using best checksumming function   avx       
[    6.086011] async_tx: api initialized (async)
done.
Begin: Running /scripts/init-premount ... done.
Begin: Mounting root file system ... Begin: Running /scripts/local-top ... done.
Begin: Running /scripts/local-premount ... [    6.137024] Btrfs loaded, crc32c=crc32c-intel
Scanning for Btrfs filesystems
done.
Warning: fsck not present, so skipping root file system
[    6.177019] EXT4-fs (sda1): mounted filesystem with ordered data mode. Opts: (null)
done.
Begin: Running /scripts/local-bottom ... done.
Begin: Running /scripts/init-bottom ... done.
[    6.420103] ip_tables: (C) 2000-2006 Netfilter Core Team
[    6.445338] systemd[1]: systemd 237 running in system mode. (+PAM +AUDIT +SELINUX +IMA +APPARMOR +SMACK +SYSVINIT +UTMP +LIBCRYPTSETUP +GCRYPT +GNUTLS +ACL +XZ +LZ4 +SECCOMP +BLKID +ELFUTILS +KMOD -IDN2 +IDN -PCRE2 default-hierarchy=hybrid)
[    6.454431] systemd[1]: Detected virtualization oracle.
[    6.457695] systemd[1]: Detected architecture x86-64.

Welcome to [1mUbuntu 18.04.5 LTS[0m!

[    6.471423] systemd[1]: Set hostname to <todo-laravel-vue>.
[    6.855709] systemd[1]: Reached target Swap.
[[0;32m  OK  [0m] Reached target Swap.
[    6.858135] systemd[1]: Set up automount Arbitrary Executable File Formats File System Automount Point.
[[0;32m  OK  [0m] Set up automount Arbitrary Executab…rmats File System Automount Point.
[    6.864354] systemd[1]: Created slice System Slice.
[[0;32m  OK  [0m] Created slice System Slice.
[    6.941365] systemd[1]: Listening on RPCbind Server Activation Socket.
[[0;32m  OK  [0m] Listening on RPCbind Server Activation Socket.
[    6.945489] systemd[1]: Listening on Network Service Netlink Socket.
[[0;32m  OK  [0m] Listening on Network Service Netlink Socket.
[    7.014042] systemd[1]: Listening on Device-mapper event daemon FIFOs.
[[0;32m  OK  [0m] Listening on Device-mapper event daemon FIFOs.
[[0;32m  OK  [0m] Listening on Journal Socket (/dev/log).
[[0;32m  OK  [0m] Listening on LVM2 poll daemon socket.
[[0;32m  OK  [0m] Reached target System Time Synchronized.
[[0;32m  OK  [0m] Listening on udev Kernel Socket.
[[0;32m  OK  [0m] Created slice User and Session Slice.
[[0;32m  OK  [0m] Reached target Slices.
[[0;32m  OK  [0m] Created slice system-serial\x2dgetty.slice.
[[0;32m  OK  [0m] Listening on /dev/initctl Compatibility Named Pipe.
[[0;32m  OK  [0m] Listening on Syslog Socket.
[[0;32m  OK  [0m] Listening on Journal Audit Socket.
[[0;32m  OK  [0m] Listening on LVM2 metadata daemon socket.
[[0;32m  OK  [0m] Listening on Journal Socket.
         Mounting Kernel Debug File System...
         Mounting POSIX Message Queue File System...
         Mounting Huge Pages File System...
         Starting Set the console keyboard layout...
         Starting Remount Root and Kernel File Systems...
         Starting Create list of required st…ce nodes for the current kernel...
         Mounting RPC Pipe File System...
         Starting Uncomplicated firewall...
         Starting Load Kernel Modules...
         Starting Monitoring of LVM2 mirrors…ng dmeventd or progress polling...
         Starting Journal Service...
[[0;32m  OK  [0m] Listening on udev Control Socket.
         Starting udev Coldplug all Devices...
[    7.596514] EXT4-fs (sda1): re-mounted. Opts: (null)
[[0;32m  OK  [0m] Reached target User and Group Name Lookups.
[[0;32m  OK  [0m] Started Forward Password Requests to Wall Directory Watch.
[[0;32m  OK  [0m] Mounted Kernel Debug File System.
[[0;32m  OK  [0m] Mounted POSIX Message Queue File System.
[[0;32m  OK  [0m] Mounted Huge Pages File System.
[    7.612471] Loading iSCSI transport class v2.0-870.
[[0;32m  OK  [0m] Started Remount Root and Kernel File Systems.
[[0;32m  OK  [0m] Started Create list of required sta…vice nodes for the current kernel.
[[0;32m  OK  [0m] Started Uncomplicated firewall.
         Starting Create Static Device Nodes in /dev...
[    7.642764] RPC: Registered named UNIX socket transport module.
[    7.644242] RPC: Registered udp transport module.
[    7.644242] RPC: Registered tcp transport module.
[    7.644243] RPC: Registered tcp NFSv4.1 backchannel transport module.
         Starting Load/Save Random Seed...
[[0;32m  OK  [0m] Mounted RPC Pipe File System.
[    7.666824] iscsi: registered transport (tcp)
[[0;32m  OK  [0m] Started udev Coldplug all Devices.
[[0;32m  OK  [0m] Started LVM2 metadata daemon.
[[0;32m  OK  [0m] Started Load/Save Random Seed.
[    7.745904] iscsi: registered transport (iser)
[[0;32m  OK  [0m] Started Journal Service.
[[0;32m  OK  [0m] Started Load Kernel Modules.
         Starting Apply Kernel Variables...
         Mounting FUSE Control File System...
         Mounting Kernel Configuration File System...
         Starting Flush Journal to Persistent Storage...
[[0;32m  OK  [0m] Mounted FUSE Control File System.
[[0;32m  OK  [0m] Mounted Kernel Configuration File System.
[[0;32m  OK  [0m] Started Create Static Device Nodes in /dev.
         Starting udev Kernel Device Manager...
[[0;32m  OK  [0m] Started Monitoring of LVM2 mirrors,…sing dmeventd or progress polling.
[[0;32m  OK  [0m] Started Set the console keyboard layout.
[[0;32m  OK  [0m] Reached target Local File Systems (Pre).
[[0;32m  OK  [0m] Reached target Local File Systems.
         Starting Set console font and keymap...
         Starting Preprocess NFS configuration...
         Starting AppArmor initialization...
         Starting Tell Plymouth To Write Out Runtime Data...
         Starting ebtables ruleset management...
[[0;32m  OK  [0m] Started udev Kernel Device Manager.
[[0;32m  OK  [0m] Started Dispatch Password Requests to Console Directory Watch.
[[0;32m  OK  [0m] Reached target Local Encrypted Volumes.
[[0;32m  OK  [0m] Started Apply Kernel Variables.
[[0;32m  OK  [0m] Started Set console font and keymap.
[[0;32m  OK  [0m] Started Preprocess NFS configuration.
[[0;32m  OK  [0m] Reached target NFS client services.
[[0;32m  OK  [0m] Started Tell Plymouth To Write Out Runtime Data.
[[0;32m  OK  [0m] Started Flush Journal to Persistent Storage.
         Starting Create Volatile Files and Directories...
[[0;32m  OK  [0m] Started Create Volatile Files and Directories.
         Starting Update UTMP about System Boot/Shutdown...
         Starting RPC bind portmap service...
[[0;32m  OK  [0m] Started Update UTMP about System Boot/Shutdown.
[[0;32m  OK  [0m] Started ebtables ruleset management.
[[0;32m  OK  [0m] Started RPC bind portmap service.
[[0;32m  OK  [0m] Reached target RPC Port Mapper.
[[0;32m  OK  [0m] Found device /dev/ttyS0.
[[0;32m  OK  [0m] Started AppArmor initialization.
         Starting Load AppArmor profiles managed internally by snapd...
         Starting Initial cloud-init job (pre-networking)...
[[0;32m  OK  [0m] Listening on Load/Save RF Kill Switch Status /dev/rfkill Watch.
[[0;32m  OK  [0m] Started Load AppArmor profiles managed internally by snapd.
[    9.668518] cloud-init[561]: Cloud-init v. 20.4.1-0ubuntu1~18.04.1 running 'init-local' at Fri, 29 Jan 2021 14:59:17 +0000. Up 9.46 seconds.
[[0;32m  OK  [0m] Started Initial cloud-init job (pre-networking).
[[0;32m  OK  [0m] Reached target Network (Pre).
         Starting Network Service...
[[0;32m  OK  [0m] Started Network Service.
         Starting Network Name Resolution...
         Starting Wait for Network to be Configured...
[[0;32m  OK  [0m] Started Network Name Resolution.
[[0;32m  OK  [0m] Reached target Host and Network Name Lookups.
[[0;32m  OK  [0m] Reached target Network.
[[0;32m  OK  [0m] Started Wait for Network to be Configured.
         Starting Initial cloud-init job (metadata service crawler)...
[   12.377353] cloud-init[683]: Cloud-init v. 20.4.1-0ubuntu1~18.04.1 running 'init' at Fri, 29 Jan 2021 14:59:20 +0000. Up 12.13 seconds.
[   12.380267] cloud-init[683]: ci-info: ++++++++++++++++++++++++++++++++++++++Net device info+++++++++++++++++++++++++++++++++++++++
[   12.392477] cloud-init[683]: ci-info: +--------+------+-----------------------------+---------------+--------+-------------------+
[   12.395512] cloud-init[683]: ci-info: | Device |  Up  |           Address           |      Mask     | Scope  |     Hw-Address    |
[   12.408281] cloud-init[683]: ci-info: +--------+------+-----------------------------+---------------+--------+-------------------+
[   12.411206] cloud-init[683]: ci-info: | enp0s3 | True |          10.0.2.15          | 255.255.255.0 | global | 02:d3:a8:fb:02:de |
[   12.413789] cloud-init[683]: ci-info: | enp0s3 | True |  fe80::d3:a8ff:fefb:2de/64  |       .       |  link  | 02:d3:a8:fb:02:de |
[   12.416688] cloud-init[683]: ci-info: | enp0s8 | True |       192.168.118.118       | 255.255.255.0 | global | 08:00:27:c5:e1:fd |
[   12.428805] cloud-init[683]: ci-info: | enp0s8 | True | fe80::a00:27ff:fec5:e1fd/64 |       .       |  link  | 08:00:27:c5:e1:fd |
[   12.433360] cloud-init[683]: ci-info: |   lo   | True |          127.0.0.1          |   255.0.0.0   |  host  |         .         |
[   12.436357] cloud-init[683]: ci-info: |   lo   | True |           ::1/128           |       .       |  host  |         .         |
[   12.439370] cloud-init[683]: ci-info: +--------+------+-----------------------------+---------------+--------+-------------------+
[   12.441880] cloud-init[683]: ci-info: +++++++++++++++++++++++++++++Route IPv4 info++++++++++++++++++++++++++++++
[   12.444489] cloud-init[683]: ci-info: +-------+---------------+----------+-----------------+-----------+-------+
[   12.446961] cloud-init[683]: ci-info: | Route |  Destination  | Gateway  |     Genmask     | Interface | Flags |
[   12.452329] cloud-init[683]: ci-info: +-------+---------------+----------+-----------------+-----------+-------+
[   12.456969] cloud-init[683]: ci-info: |   0   |    0.0.0.0    | 10.0.2.2 |     0.0.0.0     |   enp0s3  |   UG  |
[   12.460281] cloud-init[683]: ci-info: |   1   |    10.0.2.0   | 0.0.0.0  |  255.255.255.0  |   enp0s3  |   U   |
[   12.463192] cloud-init[683]: ci-info: |   2   |    10.0.2.2   | 0.0.0.0  | 255.255.255.255 |   enp0s3  |   UH  |
[   12.465658] cloud-init[683]: ci-info: |   3   | 192.168.118.0 | 0.0.0.0  |  255.255.255.0  |   enp0s8  |   U   |
[   12.467450] cloud-init[683]: ci-info: +-------+---------------+----------+-----------------+-----------+-------+
[   12.480737] cloud-init[683]: ci-info: +++++++++++++++++++Route IPv6 info+++++++++++++++++++
[   12.483033] cloud-init[683]: ci-info: +-------+-------------+---------+-----------+-------+
[   12.500701] cloud-init[683]: ci-info: | Route | Destination | Gateway | Interface | Flags |
[   12.502777] cloud-init[683]: ci-info: +-------+-------------+---------+-----------+-------+
[   12.512326] cloud-init[683]: ci-info: |   1   |  fe80::/64  |    ::   |   enp0s8  |   U   |
[   12.514227] cloud-init[683]: ci-info: |   2   |  fe80::/64  |    ::   |   enp0s3  |   U   |
[   12.516735] cloud-init[683]: ci-info: |   4   |    local    |    ::   |   enp0s3  |   U   |
[   12.518561] cloud-init[683]: ci-info: |   5   |    local    |    ::   |   enp0s8  |   U   |
[   12.520585] cloud-init[683]: ci-info: |   6   |   ff00::/8  |    ::   |   enp0s8  |   U   |
[   12.522748] cloud-init[683]: ci-info: |   7   |   ff00::/8  |    ::   |   enp0s3  |   U   |
[   12.524649] cloud-init[683]: ci-info: +-------+-------------+---------+-----------+-------+
[[0;32m  OK  [0m] Started Initial cloud-init job (metadata service crawler).
[[0;32m  OK  [0m] Reached target System Initialization.
[[0;32m  OK  [0m] Started Daily Cleanup of Temporary Directories.
[[0;32m  OK  [0m] Listening on ACPID Listen Socket.
[[0;32m  OK  [0m] Started Message of the Day.
         Starting LXD - unix socket.
[[0;32m  OK  [0m] Listening on D-Bus System Message Bus Socket.
[[0;32m  OK  [0m] Started Discard unused blocks once a week.
[[0;32m  OK  [0m] Started ACPI Events Check.
[[0;32m  OK  [0m] Reached target Paths.
[[0;32m  OK  [0m] Listening on UUID daemon activation socket.
         Starting Socket activation for snappy daemon.
[[0;32m  OK  [0m] Started Clean PHP session files every 30 mins.
[[0;32m  OK  [0m] Started Daily apt download activities.
[[0;32m  OK  [0m] Started Daily apt upgrade and clean activities.
[[0;32m  OK  [0m] Reached target Timers.
[[0;32m  OK  [0m] Listening on Open-iSCSI iscsid Socket.
[[0;32m  OK  [0m] Reached target Network is Online.
[[0;32m  OK  [0m] Reached target Remote File Systems (Pre).
[[0;32m  OK  [0m] Reached target Remote File Systems.
         Starting Availability of block devices...
[[0;32m  OK  [0m] Reached target Cloud-config availability.
[[0;32m  OK  [0m] Listening on LXD - unix socket.
[[0;32m  OK  [0m] Listening on Socket activation for snappy daemon.
[[0;32m  OK  [0m] Started Availability of block devices.
[[0;32m  OK  [0m] Reached target Sockets.
[[0;32m  OK  [0m] Reached target Basic System.
[[0;32m  OK  [0m] Started irqbalance daemon.
         Starting The PHP 7.4 FastCGI Process Manager...
         Starting A high performance web server and a reverse proxy server...
         Starting System Logging Service...
[[0;32m  OK  [0m] Started FUSE filesystem for LXC.
         Starting Login Service...
         Starting Advanced key-value store...
         Starting OpenBSD Secure Shell server...
[[0;32m  OK  [0m] Started D-Bus System Message Bus.
         Starting Dispatcher daemon for systemd-networkd...
         Starting Accounts Service...
         Starting Permit User Sessions...
         Starting LSB: automatic crash report generation...
         Starting Snap Daemon...
         Starting Virtualbox guest utils...
[[0;32m  OK  [0m] Started Regular background program processing daemon.
[[0;32m  OK  [0m] Started Deferred execution scheduler.
         Starting LSB: Record successful boot for GRUB...
         Starting MySQL Community Server...
         Starting LXD - container startup/shutdown...
[[0;32m  OK  [0m] Started System Logging Service.
[[0;32m  OK  [0m] Started Permit User Sessions.
[[0;32m  OK  [0m] Started Login Service.
[[0;32m  OK  [0m] Started OpenBSD Secure Shell server.
[[0;32m  OK  [0m] Started A high performance web server and a reverse proxy server.
[[0;32m  OK  [0m] Started Advanced key-value store.
         Starting Authorization Manager...
[[0;32m  OK  [0m] Started Unattended Upgrades Shutdown.
         Starting Terminate Plymouth Boot Screen...
         Starting Hold until boot process finishes up...
[[0;32m  OK  [0m] Started Terminate Plymouth Boot Screen.
[[0;32m  OK  [0m] Started Hold until boot process finishes up.
[[0;32m  OK  [0m] Started Serial Getty on ttyS0.
         Starting Set console scheme...
[[0;32m  OK  [0m] Started LSB: automatic crash report generation.
[[0;32m  OK  [0m] Started Authorization Manager.
[[0;32m  OK  [0m] Started Accounts Service.
[[0;32m  OK  [0m] Started Set console scheme.
[[0;32m  OK  [0m] Created slice system-getty.slice.
[[0;32m  OK  [0m] Started Getty on tty1.
[[0;32m  OK  [0m] Reached target Login Prompts.
[[0;32m  OK  [0m] Started Virtualbox guest utils.
[[0;32m  OK  [0m] Started LSB: Record successful boot for GRUB.
[[0;32m  OK  [0m] Created slice User Slice of vagrant.
[[0;32m  OK  [0m] Started Session 1 of user vagrant.
         Starting User Manager for UID 1000...
[[0;32m  OK  [0m] Started Dispatcher daemon for systemd-networkd.
[[0;32m  OK  [0m] Started LXD - container startup/shutdown.
[[0;32m  OK  [0m] Started User Manager for UID 1000.
[[0;32m  OK  [0m] Started The PHP 7.4 FastCGI Process Manager.
[[0;32m  OK  [0m] Started Snap Daemon.
         Starting Wait until snapd is fully seeded...
[[0;32m  OK  [0m] Started Wait until snapd is fully seeded.
         Starting Apply the settings specified in cloud-config...
[   16.111100] cloud-init[1183]: Cloud-init v. 20.4.1-0ubuntu1~18.04.1 running 'modules:config' at Fri, 29 Jan 2021 14:59:24 +0000. Up 15.96 seconds.
[[0;32m  OK  [0m] Started Apply the settings specified in cloud-config.
[[0;32m  OK  [0m] Started MySQL Community Server.
[[0;32m  OK  [0m] Reached target Multi-User System.
[[0;32m  OK  [0m] Reached target Graphical Interface.
         Starting Update UTMP about System Runlevel Changes...
         Starting Execute cloud user/final scripts...
[[0;32m  OK  [0m] Started Update UTMP about System Runlevel Changes.
[   17.444081] cloud-init[1367]: Cloud-init v. 20.4.1-0ubuntu1~18.04.1 running 'modules:final' at Fri, 29 Jan 2021 14:59:25 +0000. Up 17.32 seconds.
[   17.446717] cloud-init[1367]: Cloud-init v. 20.4.1-0ubuntu1~18.04.1 finished at Fri, 29 Jan 2021 14:59:25 +0000. Datasource DataSourceNoCloud [seed=/dev/sdb][dsmode=net].  Up 17.43 seconds
[[0;32m  OK  [0m] Started Execute cloud user/final scripts.
[[0;32m  OK  [0m] Reached target Cloud-init target.

Ubuntu 18.04.5 LTS todo-laravel-vue ttyS0

todo-laravel-vue login: 